<?xml version="1.0" encoding="UTF-8"?>
<!-- Generated by org.testng.reporters.JUnitReportReporter -->
<testsuite hostname="DESKTOP-UGT19OC" failures="0" tests="2" name="testDemo.GoogleHomepageTests" time="8.089" errors="0" timestamp="2020-09-18T09:06:43 ICT" skipped="0">
  <testcase classname="testDemo.GoogleHomepageTests" name="homepageTestsMsEdge" time="0.003"/>
  <system-out/>
  <testcase classname="testDemo.GoogleHomepageTests" name="homepageTestsFirefox" time="8.086"/>
  <system-out/>
</testsuite> <!-- testDemo.GoogleHomepageTests -->
